<col:collection xmlns="http://cnx.rice.edu/collxml" xmlns:col="http://cnx.rice.edu/collxml" xmlns:cnxml="http://cnx.rice.edu/cnxml" xml:lang="en" type="Course">  <metadata xmlns:md="http://cnx.rice.edu/mdml" mdml-version="0.5">  <md:content-id>col10792</md:content-id>  <md:title>Test course</md:title>      <md:license url="http://creativecommons.org/licenses/by/3.0/">Creative Commons Attribution License 3.0</md:license>  <md:language>en</md:language>              <md:uuid>95824e6e-2ed5-431c-9270-acfb11a5d30a</md:uuid>
<md:slug>test-course</md:slug>
</metadata>  <col:content>          <col:module document="m10547">        <col:featured-links>                      <cnxml:link-group type="supplemental">              <cnxml:link url="http://www.w3.org/Math">The MathML Specification</cnxml:link>            </cnxml:link-group>                  </col:featured-links>      </col:module>                            <col:module document="m29063"/>                    </col:content></col:collection>