<?xml version="1.0"?>
<col:collection xmlns="http://cnx.rice.edu/collxml" xmlns:md="http://cnx.rice.edu/mdml" xmlns:col="http://cnx.rice.edu/collxml" xml:lang="en" authors="Azadeh Jamalian">\012  <metadata xmlns:md="http://cnx.rice.edu/mdml" mdml-version="0.5">\012  <md:content-id>col10655</md:content-id>\012  <md:title>Test Course</md:title>\012  \012  \012  <md:license url="http://creativecommons.org/licenses/by/3.0/">Creative Commons Attribution License 3.0</md:license>\012  <md:language>en</md:language>\012\012  \012\012  \012  \012  <md:uuid>9940b1df-c325-4a5a-8174-17169e54ca04</md:uuid>
<md:slug>test-course</md:slug>
</metadata>\012\012  <col:content>\012    \012      \012        \012      <col:subcollection>\012        <md:title>Course Material</md:title>\012        \012        \012        \012\012        <col:content>\012          \012    \012      <col:module document="m19726"/>\012        \012      \012    \012        </col:content>\012      </col:subcollection>\012    \012  </col:content>\012</col:collection>
